######################################################################
17.09.20/19:04:21 - Server started
######################################################################
17.09.20/19:05:00 - Server started
######################################################################
17.09.20/19:11:22 - Server started
17.09.20/19:12:00 - New client added('127.0.0.1', 6308)
17.09.20/19:12:00 - Authentification successful for token #345678
######################################################################
17.09.20/19:12:31 - Server started
17.09.20/19:12:38 - New client added('127.0.0.1', 6374)
17.09.20/19:12:38 - Authentification successful for token #345678
17.09.20/19:12:41 - Token #345678 disconnected
Keyboard interrupt detected, stopping the server...

######################################################################
17.09.20/19:12:49 - Server started
17.09.20/19:12:51 - New client added('127.0.0.1', 6413)
17.09.20/19:12:51 - Authentification successful for token #345678
17.09.20/19:13:01 - Token #345678 disconnected
17.09.20/19:13:04 - New client added('127.0.0.1', 6452)
17.09.20/19:13:04 - Authentification successful for token #345678
17.09.20/19:13:10 - Token #345678 disconnected
Keyboard interrupt detected, stopping the server...

